#! /c/Source/iverilog-install/bin/vvp
:ivl_version "12.0 (devel)" "(s20150603-1539-g2693dd32b)";
:ivl_delay_selection "TYPICAL";
:vpi_time_precision + 0;
:vpi_module "C:\iverilog\lib\ivl\system.vpi";
:vpi_module "C:\iverilog\lib\ivl\vhdl_sys.vpi";
:vpi_module "C:\iverilog\lib\ivl\vhdl_textio.vpi";
:vpi_module "C:\iverilog\lib\ivl\v2005_math.vpi";
:vpi_module "C:\iverilog\lib\ivl\va_math.vpi";
S_000001c53248ae50 .scope module, "tb_top" "tb_top" 2 1;
 .timescale 0 0;
v000001c5324d1d90_0 .var "a", 0 0;
v000001c5324d1cf0_0 .var "b", 0 0;
v000001c5324d2010_0 .var "c", 0 0;
v000001c5324d17f0_0 .net "c_out", 0 0, L_000001c5324c5100;  1 drivers
v000001c5324d19d0_0 .net "s", 0 0, L_000001c5324c5020;  1 drivers
S_000001c53248aab0 .scope module, "fa" "full_adder" 2 5, 3 1 0, S_000001c53248ae50;
 .timescale 0 0;
    .port_info 0 /INPUT 1 "a";
    .port_info 1 /INPUT 1 "b";
    .port_info 2 /INPUT 1 "cin";
    .port_info 3 /OUTPUT 1 "S";
    .port_info 4 /OUTPUT 1 "Cout";
L_000001c5324c53a0 .functor XOR 1, v000001c5324d1d90_0, v000001c5324d1cf0_0, C4<0>, C4<0>;
L_000001c5324c5020 .functor XOR 1, L_000001c5324c53a0, v000001c5324d2010_0, C4<0>, C4<0>;
L_000001c5324c4fb0 .functor AND 1, v000001c5324d1d90_0, v000001c5324d1cf0_0, C4<1>, C4<1>;
L_000001c5324c5640 .functor AND 1, v000001c5324d1cf0_0, v000001c5324d2010_0, C4<1>, C4<1>;
L_000001c5324c5170 .functor OR 1, L_000001c5324c4fb0, L_000001c5324c5640, C4<0>, C4<0>;
L_000001c5324c5090 .functor AND 1, v000001c5324d1d90_0, v000001c5324d2010_0, C4<1>, C4<1>;
L_000001c5324c5100 .functor OR 1, L_000001c5324c5170, L_000001c5324c5090, C4<0>, C4<0>;
v000001c5324a3180_0 .net "Cout", 0 0, L_000001c5324c5100;  alias, 1 drivers
v000001c5324c5b10_0 .net "S", 0 0, L_000001c5324c5020;  alias, 1 drivers
v000001c5324c5bb0_0 .net *"_ivl_0", 0 0, L_000001c5324c53a0;  1 drivers
v000001c5324c5c50_0 .net *"_ivl_10", 0 0, L_000001c5324c5090;  1 drivers
v000001c5324d6fd0_0 .net *"_ivl_4", 0 0, L_000001c5324c4fb0;  1 drivers
v000001c5324d7070_0 .net *"_ivl_6", 0 0, L_000001c5324c5640;  1 drivers
v000001c5324d7110_0 .net *"_ivl_8", 0 0, L_000001c5324c5170;  1 drivers
v000001c5324d71b0_0 .net "a", 0 0, v000001c5324d1d90_0;  1 drivers
v000001c5324d7250_0 .net "b", 0 0, v000001c5324d1cf0_0;  1 drivers
v000001c5324d72f0_0 .net "cin", 0 0, v000001c5324d2010_0;  1 drivers
    .scope S_000001c53248ae50;
T_0 ;
    %vpi_call 2 8 "$dumpfile", "full_adder.vcd" {0 0 0};
    %vpi_call 2 9 "$dumpvars" {0 0 0};
    %vpi_call 2 10 "$monitor", "At time %0t: a=%b b=%b, cin=%b, sum=%b, carry=%b", $time, v000001c5324d1d90_0, v000001c5324d1cf0_0, v000001c5324d2010_0, v000001c5324d19d0_0, v000001c5324d17f0_0 {0 0 0};
    %pushi/vec4 0, 0, 1;
    %store/vec4 v000001c5324d1d90_0, 0, 1;
    %pushi/vec4 0, 0, 1;
    %store/vec4 v000001c5324d1cf0_0, 0, 1;
    %pushi/vec4 0, 0, 1;
    %store/vec4 v000001c5324d2010_0, 0, 1;
    %delay 1, 0;
    %pushi/vec4 0, 0, 1;
    %store/vec4 v000001c5324d1d90_0, 0, 1;
    %pushi/vec4 0, 0, 1;
    %store/vec4 v000001c5324d1cf0_0, 0, 1;
    %pushi/vec4 1, 0, 1;
    %store/vec4 v000001c5324d2010_0, 0, 1;
    %delay 1, 0;
    %pushi/vec4 0, 0, 1;
    %store/vec4 v000001c5324d1d90_0, 0, 1;
    %pushi/vec4 1, 0, 1;
    %store/vec4 v000001c5324d1cf0_0, 0, 1;
    %pushi/vec4 0, 0, 1;
    %store/vec4 v000001c5324d2010_0, 0, 1;
    %delay 1, 0;
    %pushi/vec4 0, 0, 1;
    %store/vec4 v000001c5324d1d90_0, 0, 1;
    %pushi/vec4 1, 0, 1;
    %store/vec4 v000001c5324d1cf0_0, 0, 1;
    %pushi/vec4 1, 0, 1;
    %store/vec4 v000001c5324d2010_0, 0, 1;
    %delay 1, 0;
    %pushi/vec4 1, 0, 1;
    %store/vec4 v000001c5324d1d90_0, 0, 1;
    %pushi/vec4 0, 0, 1;
    %store/vec4 v000001c5324d1cf0_0, 0, 1;
    %pushi/vec4 0, 0, 1;
    %store/vec4 v000001c5324d2010_0, 0, 1;
    %delay 1, 0;
    %pushi/vec4 1, 0, 1;
    %store/vec4 v000001c5324d1d90_0, 0, 1;
    %pushi/vec4 0, 0, 1;
    %store/vec4 v000001c5324d1cf0_0, 0, 1;
    %pushi/vec4 1, 0, 1;
    %store/vec4 v000001c5324d2010_0, 0, 1;
    %delay 1, 0;
    %pushi/vec4 1, 0, 1;
    %store/vec4 v000001c5324d1d90_0, 0, 1;
    %pushi/vec4 1, 0, 1;
    %store/vec4 v000001c5324d1cf0_0, 0, 1;
    %pushi/vec4 0, 0, 1;
    %store/vec4 v000001c5324d2010_0, 0, 1;
    %delay 1, 0;
    %pushi/vec4 1, 0, 1;
    %store/vec4 v000001c5324d1d90_0, 0, 1;
    %pushi/vec4 1, 0, 1;
    %store/vec4 v000001c5324d1cf0_0, 0, 1;
    %pushi/vec4 1, 0, 1;
    %store/vec4 v000001c5324d2010_0, 0, 1;
    %end;
    .thread T_0;
# The file index is used to find the file name in the following table.
:file_names 4;
    "N/A";
    "<interactive>";
    "and_gate_assign_tb.v";
    "and_gate_p.v";
